*** Bayesian RKHS-based Functional Logistic Regression with RJMCMC ***

-- GENERAL INFORMATION --
Random seed: 2024
Train/test splits: 10

-- DATASET GENERATION --
Total samples: 93
Train size: 62
Grid size: 31
Real data name: growth
Noise: 10%

-- BAYESIAN RKHS MODEL --
Max. number of components (p): 10
Prior p: U[1, 10]
Prior beta: t(df=5, scale=2.5)
Transform sigma: True
Min. distance tau: 1
Prediction noise: False

-- ERYN SAMPLER --
Walkers: 64
Temps: 10
Burn: 4000
Steps: 1000
Num try: 2

-- RESULTS REFERENCE METHODS --
Mean split execution time: 49.039±1.701 s
Total execution time: 8.173 min

 Estimator  Mean features  SD features  Mean Acc     SD Acc
       log           31.0       0.0000    0.9613 2.8122e-02
   apls+nc            2.9       2.1190    0.9613 2.8122e-02
   pca+log            2.4       0.9165    0.9581 3.5484e-02
  fpca+log            2.8       0.8718    0.9548 3.2897e-02
   pca+qda            2.0       0.0000    0.9548 2.9565e-02
  apls+log            4.0       2.8983    0.9516 3.6066e-02
      fknn           31.0       0.0000    0.9484 3.5921e-02
   pls+log            3.1       1.1358    0.9452 3.2419e-02
      flda            4.0       2.4495    0.9387 5.0902e-02
manual+log            4.8       1.9391    0.9323 5.4839e-02
  rkvs+log            5.6       2.7276    0.9290 4.9556e-02
      flog            3.5       1.6279    0.9258 4.3399e-02
       lda           31.0       0.0000    0.8935 5.4074e-02
    pls+nc            2.0       0.4472    0.8581 9.0323e-02
       fnc           31.0       0.0000    0.7355 1.1702e-01
       mdc           31.0       0.0000    0.6935 1.0328e-01
       qda           31.0       0.0000    0.5806 1.1102e-16

-- RESULTS ERYN METHODS--
Mean split execution time: 397.060±18.381 s
Total execution time: 66.177 min

         Estimator  Mean features  SD features  Mean Acc  SD Acc
     w_vs_mean+log           10.0          0.0    0.9613  0.0281
    w_vs_tmean+log           10.0          0.0    0.9613  0.0281
         pp_median           10.0          0.0    0.9516  0.0361
   w_vs_median+log           10.0          0.0    0.9516  0.0331
       w_pp_median           10.0          0.0    0.9516  0.0361
     map_pp_median            5.0          0.0    0.9516  0.0361
   map_vs_mode+log            5.0          0.0    0.9484  0.0461
          pp_tmean           10.0          0.0    0.9484  0.0413
         w_pp_mean           10.0          0.0    0.9484  0.0413
     w_vs_mode+log           10.0          0.0    0.9484  0.0461
        w_pp_tmean           10.0          0.0    0.9484  0.0413
           pp_mean           10.0          0.0    0.9484  0.0413
      map_pp_tmean            5.0          0.0    0.9452  0.0457
       map_pp_mean            5.0          0.0    0.9452  0.0457
   map_vs_mean+log            5.0          0.0    0.9452  0.0457
  map_vs_tmean+log            5.0          0.0    0.9452  0.0457
    w_summary_mean           10.0          0.0    0.9419  0.0516
  map_summary_mean            5.0          0.0    0.9419  0.0516
 map_vs_median+log            5.0          0.0    0.9387  0.0466
       map_pp_mode            5.0          0.0    0.9355  0.0456
         w_pp_mode           10.0          0.0    0.9355  0.0456
           pp_mode           10.0          0.0    0.9323  0.0466
map_summary_median            5.0          0.0    0.9226  0.0724
  w_summary_median           10.0          0.0    0.9226  0.0680
    w_summary_mode           10.0          0.0    0.9194  0.0710
 map_summary_tmean            5.0          0.0    0.9129  0.0707
   w_summary_tmean           10.0          0.0    0.9097  0.0674
  map_summary_mode            5.0          0.0    0.9065  0.0973
