*** Bayesian RKHS-based Functional Logistic Regression with RJMCMC ***

-- GENERAL INFORMATION --
Random seed: 2024
Train/test splits: 10

-- DATASET GENERATION --
Total samples: 300
Train size: 200
Grid size: 100
X ~ GP(0, brownian_kernel)
Model type: L2
Noise: 10%

-- BAYESIAN RKHS MODEL --
Max. number of components (p): 10
Prior p: U[1, 10]
Prior beta: t(df=5, scale=2.5)
Transform sigma: True
Min. distance tau: 1
Prediction noise: False

-- ERYN SAMPLER --
Walkers: 64
Temps: 10
Burn: 4000
Steps: 1000
Num try: 2

-- RESULTS REFERENCE METHODS --
Mean split execution time: 126.819±1.684 s
Total execution time: 21.137 min

 Estimator  Mean features  SD features  Mean Acc     SD Acc
       qda          100.0       0.0000     0.610 1.1102e-16
    pls+nc            2.5       2.1095     0.610 3.3466e-02
       fnc          100.0       0.0000     0.607 3.7696e-02
       mdc          100.0       0.0000     0.602 3.3407e-02
      flda            1.0       0.0000     0.601 2.6627e-02
  fpca+log            3.2       2.9933     0.599 2.0712e-02
       log          100.0       0.0000     0.594 1.7436e-02
   apls+nc            1.5       0.5000     0.593 2.3685e-02
   pca+log            4.0       3.5214     0.590 2.6833e-02
   pls+log            3.2       2.0881     0.590 2.8983e-02
      fknn          100.0       0.0000     0.587 5.5507e-02
      flog            3.5       2.3770     0.580 2.0494e-02
manual+log            4.3       3.4655     0.580 2.5690e-02
   pca+qda            2.4       1.4283     0.577 3.6346e-02
  apls+log            3.7       2.6851     0.571 2.9816e-02
  rkvs+log            4.4       2.8705     0.569 3.9357e-02
       lda          100.0       0.0000     0.507 3.0348e-02

-- RESULTS ERYN METHODS--
Mean split execution time: 411.658±2.809 s
Total execution time: 68.610 min

         Estimator  Mean features  SD features  Mean Acc  SD Acc
       map_pp_mode            1.0       0.0000     0.607  0.0279
           pp_mode            9.7       0.4583     0.602  0.0256
         w_pp_mode            9.7       0.4583     0.601  0.0277
   map_vs_mode+log            1.0       0.0000     0.597  0.0241
     w_vs_mode+log            9.7       0.4583     0.597  0.0241
          pp_tmean            9.7       0.4583     0.597  0.0276
        w_pp_tmean            9.7       0.4583     0.597  0.0276
       w_pp_median            9.7       0.4583     0.597  0.0233
         pp_median            9.7       0.4583     0.596  0.0258
     map_pp_median            1.0       0.0000     0.596  0.0265
           pp_mean            9.7       0.4583     0.595  0.0294
         w_pp_mean            9.7       0.4583     0.595  0.0294
      map_pp_tmean            1.0       0.0000     0.594  0.0206
   w_vs_median+log            9.7       0.4583     0.594  0.0344
 map_vs_median+log            1.0       0.0000     0.594  0.0344
       map_pp_mean            1.0       0.0000     0.593  0.0249
  map_summary_mode            1.0       0.0000     0.592  0.0306
    w_summary_mode            9.7       0.4583     0.591  0.0288
     w_vs_mean+log            9.7       0.4583     0.589  0.0383
   map_vs_mean+log            1.0       0.0000     0.589  0.0383
    w_vs_tmean+log            9.7       0.4583     0.587  0.0228
  map_vs_tmean+log            1.0       0.0000     0.587  0.0228
   w_summary_tmean            9.7       0.4583     0.587  0.0276
    w_summary_mean            9.7       0.4583     0.585  0.0420
  w_summary_median            9.7       0.4583     0.584  0.0242
  map_summary_mean            1.0       0.0000     0.583  0.0382
map_summary_median            1.0       0.0000     0.580  0.0261
 map_summary_tmean            1.0       0.0000     0.579  0.0239
