*** Bayesian RKHS-based Functional Logistic Regression with RJMCMC ***

-- GENERAL INFORMATION --
Random seed: 2024
Train/test splits: 10

-- DATASET GENERATION --
Total samples: 300
Train size: 200
Grid size: 100
X ~ GP(0, squared_exponential_kernel)
Model type: L2
Noise: 10%

-- BAYESIAN RKHS MODEL --
Max. number of components (p): 10
Prior p: Poisson(3)
Prior beta: t(df=5, scale=2.5)
Transform sigma: True
Min. distance tau: 1
Prediction noise: False

-- ERYN SAMPLER --
Walkers: 64
Temps: 10
Burn: 4000
Steps: 1000
Num try: 1

-- RESULTS REFERENCE METHODS --
Mean split execution time: 197.321±7.239 s
Total execution time: 32.887 min

 Estimator  Mean features  SD features  Mean Acc     SD Acc
    pls+nc            2.6       1.2000     0.629 3.6455e-02
       fnc          100.0       0.0000     0.625 4.0311e-02
manual+log            6.3       2.9682     0.621 4.3920e-02
   pls+log            5.0       3.3764     0.621 4.3463e-02
   pca+qda            2.8       1.3266     0.618 4.4677e-02
   pca+log            5.3       3.1953     0.616 3.6387e-02
   apls+nc            1.5       1.2042     0.615 2.3345e-02
  apls+log            6.0       3.2558     0.614 3.8262e-02
  fpca+log            5.8       2.9257     0.614 4.1521e-02
  rkvs+log            6.4       2.8000     0.611 3.3601e-02
       qda          100.0       0.0000     0.610 1.1102e-16
       log          100.0       0.0000     0.609 3.6729e-02
      flog            5.7       3.1321     0.609 2.8089e-02
       mdc          100.0       0.0000     0.603 4.2438e-02
      flda            1.8       1.2490     0.595 4.8425e-02
       lda          100.0       0.0000     0.591 3.3302e-02
      fknn          100.0       0.0000     0.578 4.0939e-02

-- RESULTS ERYN METHODS--
Mean split execution time: 370.896±9.087 s
Total execution time: 61.816 min

         Estimator  Mean features  SD features  Mean Acc  SD Acc
    w_summary_mode            8.5       0.6708     0.629  0.0308
  map_summary_mode            1.6       0.4899     0.622  0.0264
     w_vs_mode+log            8.5       0.6708     0.617  0.0257
   map_vs_mode+log            1.6       0.4899     0.617  0.0210
  map_summary_mean            1.6       0.4899     0.611  0.0345
          pp_tmean            8.5       0.6708     0.611  0.0351
  map_vs_tmean+log            1.6       0.4899     0.609  0.0311
           pp_mean            8.5       0.6708     0.608  0.0368
 map_summary_tmean            1.6       0.4899     0.608  0.0366
         w_pp_mean            8.5       0.6708     0.608  0.0368
        w_pp_tmean            8.5       0.6708     0.608  0.0346
   map_vs_mean+log            1.6       0.4899     0.607  0.0347
       w_pp_median            8.5       0.6708     0.607  0.0366
       map_pp_mode            1.6       0.4899     0.606  0.0405
         pp_median            8.5       0.6708     0.605  0.0356
    w_vs_tmean+log            8.5       0.6708     0.605  0.0287
  w_summary_median            8.5       0.6708     0.605  0.0301
         w_pp_mode            8.5       0.6708     0.605  0.0338
 map_vs_median+log            1.6       0.4899     0.605  0.0341
map_summary_median            1.6       0.4899     0.604  0.0372
       map_pp_mean            1.6       0.4899     0.603  0.0349
     map_pp_median            1.6       0.4899     0.602  0.0343
      map_pp_tmean            1.6       0.4899     0.602  0.0374
     w_vs_mean+log            8.5       0.6708     0.602  0.0236
           pp_mode            8.5       0.6708     0.602  0.0349
   w_summary_tmean            8.5       0.6708     0.601  0.0324
    w_summary_mean            8.5       0.6708     0.600  0.0300
   w_vs_median+log            8.5       0.6708     0.600  0.0310
